<?xml version="1.0" encoding="UTF-8"?>
<testsuite xmlns:xsi="http://www.w3.org/2001/XMLSchema-instance" xsi:noNamespaceSchemaLocation="https://maven.apache.org/surefire/maven-surefire-plugin/xsd/surefire-test-report-3.0.xsd" version="3.0" name="model.GameTest" time="0.169" tests="9" errors="0" skipped="0" failures="0">
  <properties>
[...]
</properties>
  <testcase name="testAiMoveGeneratesValidMove" classname="model.GameTest" time="0.086"/>
  <testcase name="testBoardFull" classname="model.GameTest" time="0.002"/>
  <testcase name="testDiagonalWin" classname="model.GameTest" time="0.002"/>
  <testcase name="testFirstMoveMustBeCenter" classname="model.GameTest" time="0.001"/>
  <testcase name="testInitialization" classname="model.GameTest" time="0.001"/>
  <testcase name="testInvalidBoardSize" classname="model.GameTest" time="0.005"/>
  <testcase name="testVerticalWin" classname="model.GameTest" time="0.003"/>
  <testcase name="testHorizontalWin" classname="model.GameTest" time="0.001"/>
  <testcase name="testSubsequentMovesMustConnect" classname="model.GameTest" time="0.001"/>
</testsuite>